<?xml version="1.0" encoding="UTF-8"?>
<!-- Generated by org.testng.reporters.JUnitReportReporter -->
<testsuite skipped="1" hostname="DESKTOP-BRMU19C" name="sales.force.Marketing" tests="1" failures="0" timestamp="2019-12-15T11:42:51 IST" time="0.000" errors="0">
  <testcase name="Login" time="0.000" classname="sales.force.Marketing">
    <skipped/>
  </testcase> <!-- Login -->
</testsuite> <!-- sales.force.Marketing -->
